build/app/intermediates/manifest_merge_blame_file/debug/manifest-merger-blame-debug-report.txt
1<?xml version="1.0" encoding="utf-8"?>
2<manifest xmlns:android="http://schemas.android.com/apk/res/android"
3    package="com.example.asgard_task"
4    android:versionCode="1"
5    android:versionName="1.0.0" >
6
7    <uses-sdk
8        android:minSdkVersion="20"
9        android:targetSdkVersion="33" />
10    <!--
11         The INTERNET permission is required for development. Specifically,
12         the Flutter tool needs it to communicate with the running application
13         to allow setting breakpoints, to provide hot reload, etc.
14    -->
15    <uses-permission android:name="android.permission.INTERNET" />
15-->src/main/AndroidManifest.xml:5:5-67
15-->src/main/AndroidManifest.xml:5:22-64
16    <!-- Permissions -->
17    <uses-permission android:name="android.permission.ACCESS_FINE_LOCATION" />
17-->src/main/AndroidManifest.xml:3:5-79
17-->src/main/AndroidManifest.xml:3:22-76
18    <uses-permission android:name="android.permission.ACCESS_COARSE_LOCATION" />
18-->src/main/AndroidManifest.xml:4:5-81
18-->src/main/AndroidManifest.xml:4:22-78
19    <uses-permission android:name="android.permission.ACCESS_NETWORK_STATE" />
19-->src/main/AndroidManifest.xml:6:5-79
19-->src/main/AndroidManifest.xml:6:22-76
20    <uses-permission android:name="android.permission.WRITE_EXTERNAL_STORAGE" />
20-->src/main/AndroidManifest.xml:7:5-81
20-->src/main/AndroidManifest.xml:7:22-78
21    <uses-permission android:name="android.permission.READ_EXTERNAL_STORAGE" />
21-->src/main/AndroidManifest.xml:8:5-80
21-->src/main/AndroidManifest.xml:8:22-77
22    <uses-permission android:name="android.permission.ACCESS_BACKGROUND_LOCATION" />
22-->src/main/AndroidManifest.xml:9:5-85
22-->src/main/AndroidManifest.xml:9:22-82
23    <!--
24 Required to query activities that can process text, see:
25         https://developer.android.com/training/package-visibility?hl=en and
26         https://developer.android.com/reference/android/content/Intent#ACTION_PROCESS_TEXT.
27
28         In particular, this is used by the Flutter engine in io.flutter.plugin.text.ProcessTextPlugin.
29    -->
30    <queries>
30-->src/main/AndroidManifest.xml:53:5-58:15
31        <intent>
31-->src/main/AndroidManifest.xml:54:9-57:18
32            <action android:name="android.intent.action.PROCESS_TEXT" />
32-->src/main/AndroidManifest.xml:55:13-72
32-->src/main/AndroidManifest.xml:55:21-70
33
34            <data android:mimeType="text/plain" />
34-->src/main/AndroidManifest.xml:56:13-50
34-->src/main/AndroidManifest.xml:56:19-48
35        </intent>
36        <!-- Needs to be explicitly declared on Android R+ -->
37        <package android:name="com.google.android.apps.maps" />
37-->[com.google.android.gms:play-services-maps:18.2.0] AndroidManifest.xml:33:9-64
37-->[com.google.android.gms:play-services-maps:18.2.0] AndroidManifest.xml:33:18-61
38    </queries>
39
40    <uses-feature
40-->[com.google.android.gms:play-services-maps:18.2.0] AndroidManifest.xml:26:5-28:35
41        android:glEsVersion="0x00020000"
41-->[com.google.android.gms:play-services-maps:18.2.0] AndroidManifest.xml:27:9-41
42        android:required="true" />
42-->[com.google.android.gms:play-services-maps:18.2.0] AndroidManifest.xml:28:9-32
43
44    <permission
44-->[androidx.core:core:1.13.0] AndroidManifest.xml:22:5-24:47
45        android:name="com.example.asgard_task.DYNAMIC_RECEIVER_NOT_EXPORTED_PERMISSION"
45-->[androidx.core:core:1.13.0] AndroidManifest.xml:23:9-81
46        android:protectionLevel="signature" />
46-->[androidx.core:core:1.13.0] AndroidManifest.xml:24:9-44
47
48    <uses-permission android:name="com.example.asgard_task.DYNAMIC_RECEIVER_NOT_EXPORTED_PERMISSION" />
48-->[androidx.core:core:1.13.0] AndroidManifest.xml:26:5-97
48-->[androidx.core:core:1.13.0] AndroidManifest.xml:26:22-94
49
50    <application
51        android:name="android.app.Application"
52        android:appComponentFactory="androidx.core.app.CoreComponentFactory"
52-->[androidx.core:core:1.13.0] AndroidManifest.xml:28:18-86
53        android:debuggable="true"
54        android:icon="@mipmap/ic_launcher"
55        android:label="asgard_task" >
56
57        <!-- Add your Google Maps API Key here -->
58        <meta-data
59            android:name="com.google.android.geo.API_KEY"
60            android:value="AIzaSyAsi3XSvcad47GTmV4vJh_novoRVzqEGGQ" />
61
62        <activity
63            android:name="com.example.asgard_task.MainActivity"
64            android:configChanges="orientation|keyboardHidden|keyboard|screenSize|smallestScreenSize|locale|layoutDirection|fontScale|screenLayout|density|uiMode"
65            android:exported="true"
66            android:hardwareAccelerated="true"
67            android:launchMode="singleTop"
68            android:theme="@style/LaunchTheme"
69            android:windowSoftInputMode="adjustResize" >
70
71            <!--
72                 Specifies an Android theme to apply to this Activity as soon as
73                 the Android process has started. This theme is visible to the user
74                 while the Flutter UI initializes. After that, this theme continues
75                 to determine the Window background behind the Flutter UI.
76            -->
77            <meta-data
78                android:name="io.flutter.embedding.android.NormalTheme"
79                android:resource="@style/NormalTheme" />
80
81            <intent-filter>
82                <action android:name="android.intent.action.MAIN" />
83
84                <category android:name="android.intent.category.LAUNCHER" />
85            </intent-filter>
86        </activity>
87        <!--
88             Don't delete the meta-data below.
89             This is used by the Flutter tool to generate GeneratedPluginRegistrant.java
90        -->
91        <meta-data
92            android:name="flutterEmbedding"
93            android:value="2" />
94
95        <service
95-->[:geolocator_android] AndroidManifest.xml:10:9-14:56
96            android:name="com.baseflow.geolocator.GeolocatorLocationService"
96-->[:geolocator_android] AndroidManifest.xml:11:13-77
97            android:enabled="true"
97-->[:geolocator_android] AndroidManifest.xml:12:13-35
98            android:exported="false"
98-->[:geolocator_android] AndroidManifest.xml:13:13-37
99            android:foregroundServiceType="location" />
99-->[:geolocator_android] AndroidManifest.xml:14:13-53
100
101        <uses-library
101-->[androidx.window:window:1.0.0-beta04] AndroidManifest.xml:25:9-27:40
102            android:name="androidx.window.extensions"
102-->[androidx.window:window:1.0.0-beta04] AndroidManifest.xml:26:13-54
103            android:required="false" />
103-->[androidx.window:window:1.0.0-beta04] AndroidManifest.xml:27:13-37
104        <uses-library
104-->[androidx.window:window:1.0.0-beta04] AndroidManifest.xml:28:9-30:40
105            android:name="androidx.window.sidecar"
105-->[androidx.window:window:1.0.0-beta04] AndroidManifest.xml:29:13-51
106            android:required="false" /> <!-- Needs to be explicitly declared on P+ -->
106-->[androidx.window:window:1.0.0-beta04] AndroidManifest.xml:30:13-37
107        <uses-library
107-->[com.google.android.gms:play-services-maps:18.2.0] AndroidManifest.xml:39:9-41:40
108            android:name="org.apache.http.legacy"
108-->[com.google.android.gms:play-services-maps:18.2.0] AndroidManifest.xml:40:13-50
109            android:required="false" />
109-->[com.google.android.gms:play-services-maps:18.2.0] AndroidManifest.xml:41:13-37
110
111        <activity
111-->[com.google.android.gms:play-services-base:18.3.0] AndroidManifest.xml:20:9-22:45
112            android:name="com.google.android.gms.common.api.GoogleApiActivity"
112-->[com.google.android.gms:play-services-base:18.3.0] AndroidManifest.xml:20:19-85
113            android:exported="false"
113-->[com.google.android.gms:play-services-base:18.3.0] AndroidManifest.xml:22:19-43
114            android:theme="@android:style/Theme.Translucent.NoTitleBar" />
114-->[com.google.android.gms:play-services-base:18.3.0] AndroidManifest.xml:21:19-78
115
116        <meta-data
116-->[com.google.android.gms:play-services-basement:18.3.0] AndroidManifest.xml:21:9-23:69
117            android:name="com.google.android.gms.version"
117-->[com.google.android.gms:play-services-basement:18.3.0] AndroidManifest.xml:22:13-58
118            android:value="@integer/google_play_services_version" />
118-->[com.google.android.gms:play-services-basement:18.3.0] AndroidManifest.xml:23:13-66
119
120        <provider
120-->[androidx.profileinstaller:profileinstaller:1.3.0] AndroidManifest.xml:24:9-32:20
121            android:name="androidx.startup.InitializationProvider"
121-->[androidx.profileinstaller:profileinstaller:1.3.0] AndroidManifest.xml:25:13-67
122            android:authorities="com.example.asgard_task.androidx-startup"
122-->[androidx.profileinstaller:profileinstaller:1.3.0] AndroidManifest.xml:26:13-68
123            android:exported="false" >
123-->[androidx.profileinstaller:profileinstaller:1.3.0] AndroidManifest.xml:27:13-37
124            <meta-data
124-->[androidx.profileinstaller:profileinstaller:1.3.0] AndroidManifest.xml:29:13-31:52
125                android:name="androidx.profileinstaller.ProfileInstallerInitializer"
125-->[androidx.profileinstaller:profileinstaller:1.3.0] AndroidManifest.xml:30:17-85
126                android:value="androidx.startup" />
126-->[androidx.profileinstaller:profileinstaller:1.3.0] AndroidManifest.xml:31:17-49
127        </provider>
128
129        <receiver
129-->[androidx.profileinstaller:profileinstaller:1.3.0] AndroidManifest.xml:34:9-52:20
130            android:name="androidx.profileinstaller.ProfileInstallReceiver"
130-->[androidx.profileinstaller:profileinstaller:1.3.0] AndroidManifest.xml:35:13-76
131            android:directBootAware="false"
131-->[androidx.profileinstaller:profileinstaller:1.3.0] AndroidManifest.xml:36:13-44
132            android:enabled="true"
132-->[androidx.profileinstaller:profileinstaller:1.3.0] AndroidManifest.xml:37:13-35
133            android:exported="true"
133-->[androidx.profileinstaller:profileinstaller:1.3.0] AndroidManifest.xml:38:13-36
134            android:permission="android.permission.DUMP" >
134-->[androidx.profileinstaller:profileinstaller:1.3.0] AndroidManifest.xml:39:13-57
135            <intent-filter>
135-->[androidx.profileinstaller:profileinstaller:1.3.0] AndroidManifest.xml:40:13-42:29
136                <action android:name="androidx.profileinstaller.action.INSTALL_PROFILE" />
136-->[androidx.profileinstaller:profileinstaller:1.3.0] AndroidManifest.xml:41:17-91
136-->[androidx.profileinstaller:profileinstaller:1.3.0] AndroidManifest.xml:41:25-88
137            </intent-filter>
138            <intent-filter>
138-->[androidx.profileinstaller:profileinstaller:1.3.0] AndroidManifest.xml:43:13-45:29
139                <action android:name="androidx.profileinstaller.action.SKIP_FILE" />
139-->[androidx.profileinstaller:profileinstaller:1.3.0] AndroidManifest.xml:44:17-85
139-->[androidx.profileinstaller:profileinstaller:1.3.0] AndroidManifest.xml:44:25-82
140            </intent-filter>
141            <intent-filter>
141-->[androidx.profileinstaller:profileinstaller:1.3.0] AndroidManifest.xml:46:13-48:29
142                <action android:name="androidx.profileinstaller.action.SAVE_PROFILE" />
142-->[androidx.profileinstaller:profileinstaller:1.3.0] AndroidManifest.xml:47:17-88
142-->[androidx.profileinstaller:profileinstaller:1.3.0] AndroidManifest.xml:47:25-85
143            </intent-filter>
144            <intent-filter>
144-->[androidx.profileinstaller:profileinstaller:1.3.0] AndroidManifest.xml:49:13-51:29
145                <action android:name="androidx.profileinstaller.action.BENCHMARK_OPERATION" />
145-->[androidx.profileinstaller:profileinstaller:1.3.0] AndroidManifest.xml:50:17-95
145-->[androidx.profileinstaller:profileinstaller:1.3.0] AndroidManifest.xml:50:25-92
146            </intent-filter>
147        </receiver>
148    </application>
149
150</manifest>